ECHO ist ausgeschaltet (OFF).
. 
"starting database creation 11:13:35,12" 
. 
"try dropping database" 
1> 2> 1> 2> 3> 4> 1>  
 
"try creating database" 
1> 2> 1> 2> 3> 1>  
 
"try creating tables" 
1> 2> 1> 2> 3> 4> 5> 6> 7> 8> 9> 10> 11> 12> 1> 2> 3> 4> 5> 6> 1> 2> 3> 4> 5> 6> 7> 8> 9> 10> 11> 1> 2> 3> 4> 5> 6> 7> 8> 1> 2> 3> 4> 5> 6> 7> 8> 9> 10> 1> 2> 3> 4> 5> 6> 1> 2> 3> 4> 5> 6> 7> 1> 2> 3> 4> 5> 6> 7> 1> 2> 3> 4> 5> 6> 7> 8> 9> 10> 11> 12> 13> 14> 1> 2> 3> 4> 5> 6> 7> 8> 9> 10> 11> 1>  
 
"try creating primary keys" 
1> 2> 1> 2> 3> 4> 5> 6> 1> 2> 3> 4> 5> 6> 1> 2> 3> 4> 5> 6> 1> 2> 3> 4> 5> 6> 1> 2> 3> 4> 5> 6> 1> 2> 3> 4> 5> 6> 1> 2> 3> 4> 5> 6> 1> 2> 3> 4> 5> 6> 1> 2> 3> 4> 5> 6> 1> 2> 3> 4> 5> 6> 1> 2> 3> 4> 5> 6> 1>  
 
"try creating foreign keys" 
1> 2> 1> 2> 3> 4> 5> 6> 7> 1> 2> 3> 4> 5> 6> 7> 1> 2> 3> 4> 5> 6> 7> 1> 2> 3> 4> 5> 6> 7> 1> 2> 3> 4> 5> 6> 7> 1> 2> 3> 4> 5> 6> 7> 1> 2> 3> 4> 5> 6> 7> 1> 2> 3> 4> 5> 6> 7> 1> 2> 3> 4> 5> 6> 7> 1> 2> 3> 4> 5> 6> 7> 8>  
 
"try creating indexes" 
1> 2> 1> 2> 3> 4> 5> 1>  
 
"try creating checks" 
1>  
 
"try creating function" 
1>  
 
"try creating trigger" 
1> 2> 1> 2> 3> 4> 5> 6> 7> 8> 9> 10> 11> 12> 13> 14> 15> 16> 17> 18> 19> 20> 21> 22> 23> 24> 25> 26> 27> 28> 29> 30> 31> 32> 33> 34> 35> 36> 37> 38> 39> 1> 2> 3> 4> 5> 6> 7> 8> 9> 10> 11> 12> 13> 14> 15> 16> 17> 18> 19> 20> 21> 22> 23> 24> 25> 26> 27> 28> 29> 30> 31> 32> 33> 34> 35> 36> 37> 38> 39> 40> 41> 42>  
 
"try inserting values" 
1> 2> Meldung '102', Ebene '15', Status '1', Server 'PC001999F94098', Zeile 1
Falsche Syntax in der N„he von 'ï'.
1> 2> 3> 4> (1 Zeile betroffen)
(1 Zeile betroffen)
1> 2> 3> (1 Zeile betroffen)
1> 2> 3> 4> (1 Zeile betroffen)
(1 Zeile betroffen)
1> 2> 3> 4> 5> 6> 7> 8> (1 Zeile betroffen)
(1 Zeile betroffen)
(1 Zeile betroffen)
1> 2> 3> 4> 5> 6> 7> 8> (1 Zeile betroffen)
(1 Zeile betroffen)
(1 Zeile betroffen)
(1 Zeile betroffen)
(1 Zeile betroffen)
(1 Zeile betroffen)
1> 2> 3> 4> 5> 6> 7> 8> 9> (1 Zeile betroffen)
(1 Zeile betroffen)
(1 Zeile betroffen)
(1 Zeile betroffen)
(1 Zeile betroffen)
(1 Zeile betroffen)
(1 Zeile betroffen)
1> 2> 3> 4> 5> 6> 7> 8> 9> 10> 11> 12> 13> 14> 15> 16> 17> (1 Zeile betroffen)
(1 Zeile betroffen)
(1 Zeile betroffen)
(1 Zeile betroffen)
(1 Zeile betroffen)
(1 Zeile betroffen)
(1 Zeile betroffen)
(1 Zeile betroffen)
(1 Zeile betroffen)
(1 Zeile betroffen)
(1 Zeile betroffen)
(1 Zeile betroffen)
(1 Zeile betroffen)
(1 Zeile betroffen)
(1 Zeile betroffen)
1> 2> 3> (1 Zeile betroffen)
1> 2> 3> 4> 5> (1 Zeile betroffen)
(1 Zeile betroffen)
(1 Zeile betroffen)
1> 2> 3> 4> 5> 6> 7> 8> 9> 10> 11> 12> 13> 14> 15> 16> 17> 18> 19> 20> 21> 22> 23> 24> 25> (1 Zeile betroffen)
(1 Zeile betroffen)
(1 Zeile betroffen)
(1 Zeile betroffen)
(1 Zeile betroffen)
(1 Zeile betroffen)
(1 Zeile betroffen)
(1 Zeile betroffen)
(1 Zeile betroffen)
(1 Zeile betroffen)
(1 Zeile betroffen)
(1 Zeile betroffen)
(1 Zeile betroffen)
(1 Zeile betroffen)
(1 Zeile betroffen)
(1 Zeile betroffen)
(1 Zeile betroffen)
(1 Zeile betroffen)
(1 Zeile betroffen)
(1 Zeile betroffen)
(1 Zeile betroffen)
(1 Zeile betroffen)
(1 Zeile betroffen)
1>  
 
. 
"stopping database creation 11:13:36,71" 
. 
